Determining if the pthread_create exist failed with the following output:
Change Dir: /home/jetson-bot/catkin_ws/build/CMakeFiles/CMakeTmp

Run Build Command:"/usr/bin/make" "cmTC_e08ba/fast"
/usr/bin/make -f CMakeFiles/cmTC_e08ba.dir/build.make CMakeFiles/cmTC_e08ba.dir/build
make[1]: Entering directory '/home/jetson-bot/catkin_ws/build/CMakeFiles/CMakeTmp'
Building C object CMakeFiles/cmTC_e08ba.dir/CheckSymbolExists.c.o
/usr/bin/cc    -o CMakeFiles/cmTC_e08ba.dir/CheckSymbolExists.c.o   -c /home/jetson-bot/catkin_ws/build/CMakeFiles/CMakeTmp/CheckSymbolExists.c
Linking C executable cmTC_e08ba
/usr/bin/cmake -E cmake_link_script CMakeFiles/cmTC_e08ba.dir/link.txt --verbose=1
/usr/bin/cc      -rdynamic CMakeFiles/cmTC_e08ba.dir/CheckSymbolExists.c.o  -o cmTC_e08ba 
CMakeFiles/cmTC_e08ba.dir/CheckSymbolExists.c.o: In function `main':
CheckSymbolExists.c:(.text+0x14): undefined reference to `pthread_create'
CheckSymbolExists.c:(.text+0x18): undefined reference to `pthread_create'
collect2: error: ld returned 1 exit status
CMakeFiles/cmTC_e08ba.dir/build.make:97: recipe for target 'cmTC_e08ba' failed
make[1]: *** [cmTC_e08ba] Error 1
make[1]: Leaving directory '/home/jetson-bot/catkin_ws/build/CMakeFiles/CMakeTmp'
Makefile:126: recipe for target 'cmTC_e08ba/fast' failed
make: *** [cmTC_e08ba/fast] Error 2

File /home/jetson-bot/catkin_ws/build/CMakeFiles/CMakeTmp/CheckSymbolExists.c:
/* */
#include <pthread.h>

int main(int argc, char** argv)
{
  (void)argv;
#ifndef pthread_create
  return ((int*)(&pthread_create))[argc];
#else
  (void)argc;
  return 0;
#endif
}

Determining if the function pthread_create exists in the pthreads failed with the following output:
Change Dir: /home/jetson-bot/catkin_ws/build/CMakeFiles/CMakeTmp

Run Build Command:"/usr/bin/make" "cmTC_0a232/fast"
/usr/bin/make -f CMakeFiles/cmTC_0a232.dir/build.make CMakeFiles/cmTC_0a232.dir/build
make[1]: Entering directory '/home/jetson-bot/catkin_ws/build/CMakeFiles/CMakeTmp'
Building C object CMakeFiles/cmTC_0a232.dir/CheckFunctionExists.c.o
/usr/bin/cc   -DCHECK_FUNCTION_EXISTS=pthread_create   -o CMakeFiles/cmTC_0a232.dir/CheckFunctionExists.c.o   -c /usr/share/cmake-3.10/Modules/CheckFunctionExists.c
Linking C executable cmTC_0a232
/usr/bin/cmake -E cmake_link_script CMakeFiles/cmTC_0a232.dir/link.txt --verbose=1
/usr/bin/cc  -DCHECK_FUNCTION_EXISTS=pthread_create    -rdynamic CMakeFiles/cmTC_0a232.dir/CheckFunctionExists.c.o  -o cmTC_0a232 -lpthreads 
/usr/bin/ld: cannot find -lpthreads
collect2: error: ld returned 1 exit status
CMakeFiles/cmTC_0a232.dir/build.make:97: recipe for target 'cmTC_0a232' failed
make[1]: *** [cmTC_0a232] Error 1
make[1]: Leaving directory '/home/jetson-bot/catkin_ws/build/CMakeFiles/CMakeTmp'
Makefile:126: recipe for target 'cmTC_0a232/fast' failed
make: *** [cmTC_0a232/fast] Error 2


Determining if the Q_WS_WIN exist failed with the following output:
Change Dir: /home/jetson-bot/catkin_ws/build/CMakeFiles/CMakeTmp

Run Build Command:"/usr/bin/make" "cmTC_b860d/fast"
make[1]: Entering directory '/home/jetson-bot/catkin_ws/build/CMakeFiles/CMakeTmp'
/usr/bin/make -f CMakeFiles/cmTC_b860d.dir/build.make CMakeFiles/cmTC_b860d.dir/build
make[2]: Entering directory '/home/jetson-bot/catkin_ws/build/CMakeFiles/CMakeTmp'
Building CXX object CMakeFiles/cmTC_b860d.dir/CheckSymbolExists.cxx.o
/usr/bin/c++   -I/usr/include/qt4   -o CMakeFiles/cmTC_b860d.dir/CheckSymbolExists.cxx.o -c /home/jetson-bot/catkin_ws/build/CMakeFiles/CMakeTmp/CheckSymbolExists.cxx
/home/jetson-bot/catkin_ws/build/CMakeFiles/CMakeTmp/CheckSymbolExists.cxx: In function ‘int main(int, char**)’:
/home/jetson-bot/catkin_ws/build/CMakeFiles/CMakeTmp/CheckSymbolExists.cxx:8:19: error: ‘Q_WS_WIN’ was not declared in this scope
   return ((int*)(&Q_WS_WIN))[argc];
                   ^~~~~~~~
/home/jetson-bot/catkin_ws/build/CMakeFiles/CMakeTmp/CheckSymbolExists.cxx:8:19: note: suggested alternative: ‘Q_WS_X11’
   return ((int*)(&Q_WS_WIN))[argc];
                   ^~~~~~~~
                   Q_WS_X11
CMakeFiles/cmTC_b860d.dir/build.make:65: recipe for target 'CMakeFiles/cmTC_b860d.dir/CheckSymbolExists.cxx.o' failed
make[2]: *** [CMakeFiles/cmTC_b860d.dir/CheckSymbolExists.cxx.o] Error 1
make[2]: Leaving directory '/home/jetson-bot/catkin_ws/build/CMakeFiles/CMakeTmp'
Makefile:126: recipe for target 'cmTC_b860d/fast' failed
make[1]: *** [cmTC_b860d/fast] Error 2
make[1]: Leaving directory '/home/jetson-bot/catkin_ws/build/CMakeFiles/CMakeTmp'

File /home/jetson-bot/catkin_ws/build/CMakeFiles/CMakeTmp/CheckSymbolExists.cxx:
/* */
#include <QtCore/qglobal.h>

int main(int argc, char** argv)
{
  (void)argv;
#ifndef Q_WS_WIN
  return ((int*)(&Q_WS_WIN))[argc];
#else
  (void)argc;
  return 0;
#endif
}

Determining if the Q_WS_QWS exist failed with the following output:
Change Dir: /home/jetson-bot/catkin_ws/build/CMakeFiles/CMakeTmp

Run Build Command:"/usr/bin/make" "cmTC_0ac6e/fast"
make[1]: Entering directory '/home/jetson-bot/catkin_ws/build/CMakeFiles/CMakeTmp'
/usr/bin/make -f CMakeFiles/cmTC_0ac6e.dir/build.make CMakeFiles/cmTC_0ac6e.dir/build
make[2]: Entering directory '/home/jetson-bot/catkin_ws/build/CMakeFiles/CMakeTmp'
Building CXX object CMakeFiles/cmTC_0ac6e.dir/CheckSymbolExists.cxx.o
/usr/bin/c++   -I/usr/include/qt4   -o CMakeFiles/cmTC_0ac6e.dir/CheckSymbolExists.cxx.o -c /home/jetson-bot/catkin_ws/build/CMakeFiles/CMakeTmp/CheckSymbolExists.cxx
/home/jetson-bot/catkin_ws/build/CMakeFiles/CMakeTmp/CheckSymbolExists.cxx: In function ‘int main(int, char**)’:
/home/jetson-bot/catkin_ws/build/CMakeFiles/CMakeTmp/CheckSymbolExists.cxx:8:19: error: ‘Q_WS_QWS’ was not declared in this scope
   return ((int*)(&Q_WS_QWS))[argc];
                   ^~~~~~~~
/home/jetson-bot/catkin_ws/build/CMakeFiles/CMakeTmp/CheckSymbolExists.cxx:8:19: note: suggested alternative: ‘Q_WS_X11’
   return ((int*)(&Q_WS_QWS))[argc];
                   ^~~~~~~~
                   Q_WS_X11
CMakeFiles/cmTC_0ac6e.dir/build.make:65: recipe for target 'CMakeFiles/cmTC_0ac6e.dir/CheckSymbolExists.cxx.o' failed
make[2]: *** [CMakeFiles/cmTC_0ac6e.dir/CheckSymbolExists.cxx.o] Error 1
make[2]: Leaving directory '/home/jetson-bot/catkin_ws/build/CMakeFiles/CMakeTmp'
Makefile:126: recipe for target 'cmTC_0ac6e/fast' failed
make[1]: *** [cmTC_0ac6e/fast] Error 2
make[1]: Leaving directory '/home/jetson-bot/catkin_ws/build/CMakeFiles/CMakeTmp'

File /home/jetson-bot/catkin_ws/build/CMakeFiles/CMakeTmp/CheckSymbolExists.cxx:
/* */
#include <QtCore/qglobal.h>

int main(int argc, char** argv)
{
  (void)argv;
#ifndef Q_WS_QWS
  return ((int*)(&Q_WS_QWS))[argc];
#else
  (void)argc;
  return 0;
#endif
}

Determining if the Q_WS_MAC exist failed with the following output:
Change Dir: /home/jetson-bot/catkin_ws/build/CMakeFiles/CMakeTmp

Run Build Command:"/usr/bin/make" "cmTC_ce2ae/fast"
make[1]: Entering directory '/home/jetson-bot/catkin_ws/build/CMakeFiles/CMakeTmp'
/usr/bin/make -f CMakeFiles/cmTC_ce2ae.dir/build.make CMakeFiles/cmTC_ce2ae.dir/build
make[2]: Entering directory '/home/jetson-bot/catkin_ws/build/CMakeFiles/CMakeTmp'
Building CXX object CMakeFiles/cmTC_ce2ae.dir/CheckSymbolExists.cxx.o
/usr/bin/c++   -I/usr/include/qt4   -o CMakeFiles/cmTC_ce2ae.dir/CheckSymbolExists.cxx.o -c /home/jetson-bot/catkin_ws/build/CMakeFiles/CMakeTmp/CheckSymbolExists.cxx
/home/jetson-bot/catkin_ws/build/CMakeFiles/CMakeTmp/CheckSymbolExists.cxx: In function ‘int main(int, char**)’:
/home/jetson-bot/catkin_ws/build/CMakeFiles/CMakeTmp/CheckSymbolExists.cxx:8:19: error: ‘Q_WS_MAC’ was not declared in this scope
   return ((int*)(&Q_WS_MAC))[argc];
                   ^~~~~~~~
/home/jetson-bot/catkin_ws/build/CMakeFiles/CMakeTmp/CheckSymbolExists.cxx:8:19: note: suggested alternative: ‘Q_WS_X11’
   return ((int*)(&Q_WS_MAC))[argc];
                   ^~~~~~~~
                   Q_WS_X11
CMakeFiles/cmTC_ce2ae.dir/build.make:65: recipe for target 'CMakeFiles/cmTC_ce2ae.dir/CheckSymbolExists.cxx.o' failed
make[2]: *** [CMakeFiles/cmTC_ce2ae.dir/CheckSymbolExists.cxx.o] Error 1
make[2]: Leaving directory '/home/jetson-bot/catkin_ws/build/CMakeFiles/CMakeTmp'
Makefile:126: recipe for target 'cmTC_ce2ae/fast' failed
make[1]: *** [cmTC_ce2ae/fast] Error 2
make[1]: Leaving directory '/home/jetson-bot/catkin_ws/build/CMakeFiles/CMakeTmp'

File /home/jetson-bot/catkin_ws/build/CMakeFiles/CMakeTmp/CheckSymbolExists.cxx:
/* */
#include <QtCore/qglobal.h>

int main(int argc, char** argv)
{
  (void)argv;
#ifndef Q_WS_MAC
  return ((int*)(&Q_WS_MAC))[argc];
#else
  (void)argc;
  return 0;
#endif
}

